C:\USERS\LARRY\DOCUMENTS\VISUAL STUDIO 2012\PROJECTS\METROUIACLRLIB\DEBUG\METROUIACLRLIB.DLL
C:\USERS\LARRY\DOCUMENTS\VISUAL STUDIO 2012\PROJECTS\METROUIACLRLIB\DEBUG\METROUIACLRLIB.ILK
C:\USERS\LARRY\DOCUMENTS\VISUAL STUDIO 2012\PROJECTS\METROUIACLRLIB\DEBUG\METROUIACLRLIB.PDB
C:\USERS\LARRY\DOCUMENTS\VISUAL STUDIO 2012\PROJECTS\METROUIACLRLIB\METROUIACLRLIB\DEBUG\.NETFRAMEWORK,VERSION=V4.5.ASSEMBLYATTRIBUTES.OBJ
C:\USERS\LARRY\DOCUMENTS\VISUAL STUDIO 2012\PROJECTS\METROUIACLRLIB\METROUIACLRLIB\DEBUG\APP.RES
C:\USERS\LARRY\DOCUMENTS\VISUAL STUDIO 2012\PROJECTS\METROUIACLRLIB\METROUIACLRLIB\DEBUG\ASSEMBLYINFO.OBJ
C:\Users\Larry\Documents\Visual Studio 2012\Projects\MetroUIACLRLib\MetroUIACLRLib\Debug\cl.command.1.tlog
C:\Users\Larry\Documents\Visual Studio 2012\Projects\MetroUIACLRLib\MetroUIACLRLib\Debug\CL.read.1.tlog
C:\Users\Larry\Documents\Visual Studio 2012\Projects\MetroUIACLRLib\MetroUIACLRLib\Debug\CL.write.1.tlog
C:\Users\Larry\Documents\Visual Studio 2012\Projects\MetroUIACLRLib\MetroUIACLRLib\Debug\link.7516.read.1.tlog
C:\Users\Larry\Documents\Visual Studio 2012\Projects\MetroUIACLRLib\MetroUIACLRLib\Debug\link.7516.write.1.tlog
C:\Users\Larry\Documents\Visual Studio 2012\Projects\MetroUIACLRLib\MetroUIACLRLib\Debug\link.7516-cvtres.read.1.tlog
C:\Users\Larry\Documents\Visual Studio 2012\Projects\MetroUIACLRLib\MetroUIACLRLib\Debug\link.7516-cvtres.write.1.tlog
C:\Users\Larry\Documents\Visual Studio 2012\Projects\MetroUIACLRLib\MetroUIACLRLib\Debug\link.7516-rc.read.1.tlog
C:\Users\Larry\Documents\Visual Studio 2012\Projects\MetroUIACLRLib\MetroUIACLRLib\Debug\link.7516-rc.write.1.tlog
C:\Users\Larry\Documents\Visual Studio 2012\Projects\MetroUIACLRLib\MetroUIACLRLib\Debug\link.command.1.tlog
C:\Users\Larry\Documents\Visual Studio 2012\Projects\MetroUIACLRLib\MetroUIACLRLib\Debug\link.read.1.tlog
C:\Users\Larry\Documents\Visual Studio 2012\Projects\MetroUIACLRLib\MetroUIACLRLib\Debug\link.write.1.tlog
C:\Users\Larry\Documents\Visual Studio 2012\Projects\MetroUIACLRLib\MetroUIACLRLib\Debug\metagen.read.1.tlog
C:\Users\Larry\Documents\Visual Studio 2012\Projects\MetroUIACLRLib\MetroUIACLRLib\Debug\metagen.write.1.tlog
C:\USERS\LARRY\DOCUMENTS\VISUAL STUDIO 2012\PROJECTS\METROUIACLRLIB\METROUIACLRLIB\DEBUG\METROUIACLRLIB.OBJ
C:\USERS\LARRY\DOCUMENTS\VISUAL STUDIO 2012\PROJECTS\METROUIACLRLIB\METROUIACLRLIB\DEBUG\METROUIACLRLIB.PCH
C:\Users\Larry\Documents\Visual Studio 2012\Projects\MetroUIACLRLib\MetroUIACLRLib\Debug\rc.command.1.tlog
C:\Users\Larry\Documents\Visual Studio 2012\Projects\MetroUIACLRLib\MetroUIACLRLib\Debug\rc.read.1.tlog
C:\Users\Larry\Documents\Visual Studio 2012\Projects\MetroUIACLRLib\MetroUIACLRLib\Debug\rc.write.1.tlog
C:\USERS\LARRY\DOCUMENTS\VISUAL STUDIO 2012\PROJECTS\METROUIACLRLIB\METROUIACLRLIB\DEBUG\STDAFX.OBJ
C:\Users\Larry\Documents\Visual Studio 2012\Projects\MetroUIACLRLib\MetroUIACLRLib\Debug\TZRES.DLL.bi
C:\USERS\LARRY\DOCUMENTS\VISUAL STUDIO 2012\PROJECTS\METROUIACLRLIB\METROUIACLRLIB\DEBUG\UIA_ENUM.OBJ
C:\USERS\LARRY\DOCUMENTS\VISUAL STUDIO 2012\PROJECTS\METROUIACLRLIB\METROUIACLRLIB\DEBUG\VC110.PDB
